To honour the JVM settings for this build a single-use Daemon process will be forked. For more on this, please refer to https://docs.gradle.org/8.14.3/userguide/gradle_daemon.html#sec:disabling_the_daemon in the Gradle documentation.
Daemon will be stopped at the end of the build 
> Task :app-admin:clean UP-TO-DATE
> Task :app-driver:clean UP-TO-DATE
> Task :core-common:clean UP-TO-DATE
> Task :core-database:clean UP-TO-DATE
> Task :app-admin:preBuild UP-TO-DATE
> Task :app-admin:preDebugBuild UP-TO-DATE
> Task :app-admin:mergeDebugNativeDebugMetadata NO-SOURCE
> Task :app-admin:checkKotlinGradlePluginConfigurationErrors SKIPPED
> Task :core-common:preBuild UP-TO-DATE
> Task :core-common:preDebugBuild UP-TO-DATE
> Task :core-database:preBuild UP-TO-DATE
> Task :core-database:preDebugBuild UP-TO-DATE
> Task :app-admin:generateDebugResValues
> Task :core-database:writeDebugAarMetadata
> Task :core-common:writeDebugAarMetadata
> Task :core-common:generateDebugResValues
> Task :core-common:generateDebugResources
> Task :app-admin:checkDebugAarMetadata
> Task :core-common:packageDebugResources
> Task :core-database:generateDebugResValues
> Task :core-database:generateDebugResources
> Task :core-database:packageDebugResources
> Task :app-admin:mapDebugSourceSetPaths
> Task :app-admin:generateDebugResources
> Task :app-admin:packageDebugResources
> Task :app-admin:mergeDebugResources
> Task :app-admin:createDebugCompatibleScreenManifests
> Task :app-admin:extractDeepLinksDebug
> Task :core-common:extractDeepLinksDebug
> Task :core-database:extractDeepLinksDebug
> Task :app-admin:parseDebugLocalResources
> Task :core-common:compileDebugLibraryResources
> Task :core-database:compileDebugLibraryResources
> Task :core-common:parseDebugLocalResources
> Task :core-common:processDebugManifest
> Task :core-common:checkKotlinGradlePluginConfigurationErrors SKIPPED
> Task :core-database:processDebugManifest
> Task :core-database:parseDebugLocalResources
> Task :core-common:javaPreCompileDebug
> Task :core-common:generateDebugRFile
> Task :app-admin:processDebugMainManifest
> Task :app-admin:processDebugManifest
> Task :core-database:generateDebugRFile
> Task :core-database:checkKotlinGradlePluginConfigurationErrors SKIPPED
> Task :app-admin:processDebugManifestForPackage
> Task :app-admin:javaPreCompileDebug
> Task :core-database:javaPreCompileDebug
> Task :app-admin:mergeDebugShaders
> Task :app-admin:compileDebugShaders NO-SOURCE
> Task :app-admin:generateDebugAssets UP-TO-DATE
> Task :core-common:mergeDebugShaders
> Task :core-common:compileDebugShaders NO-SOURCE
> Task :core-common:generateDebugAssets UP-TO-DATE
> Task :core-common:packageDebugAssets
> Task :core-database:mergeDebugShaders
> Task :core-database:compileDebugShaders NO-SOURCE
> Task :core-database:generateDebugAssets UP-TO-DATE
> Task :core-database:packageDebugAssets
> Task :app-admin:mergeDebugAssets
> Task :app-admin:compressDebugAssets
> Task :app-admin:desugarDebugFileDependencies
> Task :app-admin:processDebugResources
> Task :app-admin:mergeDebugJniLibFolders
> Task :core-common:mergeDebugJniLibFolders
> Task :core-common:mergeDebugNativeLibs NO-SOURCE
> Task :core-common:copyDebugJniLibsProjectOnly
> Task :core-database:mergeDebugJniLibFolders
> Task :core-database:mergeDebugNativeLibs NO-SOURCE
> Task :core-database:copyDebugJniLibsProjectOnly
> Task :app-admin:checkDebugDuplicateClasses
> Task :app-admin:validateSigningDebug
> Task :app-admin:writeDebugAppMetadata
> Task :app-admin:mergeDebugNativeLibs
> Task :app-admin:writeDebugSigningConfigVersions
> Task :app-driver:preBuild UP-TO-DATE
> Task :app-driver:preDebugBuild UP-TO-DATE
> Task :app-driver:mergeDebugNativeDebugMetadata NO-SOURCE
> Task :app-driver:checkKotlinGradlePluginConfigurationErrors SKIPPED

> Task :app-admin:stripDebugDebugSymbols
Unable to strip the following libraries, packaging them as they are: libandroidx.graphics.path.so.

> Task :app-driver:generateDebugResValues
> Task :app-driver:checkDebugAarMetadata
> Task :app-driver:mapDebugSourceSetPaths
> Task :app-driver:generateDebugResources
> Task :app-driver:packageDebugResources
> Task :app-driver:parseDebugLocalResources
> Task :app-driver:createDebugCompatibleScreenManifests
> Task :app-driver:extractDeepLinksDebug
> Task :app-driver:mergeDebugResources
> Task :app-driver:processDebugMainManifest
> Task :app-driver:processDebugManifest
> Task :app-driver:processDebugManifestForPackage
> Task :app-driver:javaPreCompileDebug
> Task :app-driver:mergeDebugShaders
> Task :app-driver:compileDebugShaders NO-SOURCE
> Task :app-driver:generateDebugAssets UP-TO-DATE
> Task :app-driver:mergeDebugAssets
> Task :app-driver:compressDebugAssets
> Task :app-driver:desugarDebugFileDependencies
> Task :app-driver:processDebugResources
> Task :app-driver:mergeDebugJniLibFolders
> Task :app-driver:checkDebugDuplicateClasses
> Task :app-driver:mergeDebugNativeLibs

> Task :app-driver:stripDebugDebugSymbols
Unable to strip the following libraries, packaging them as they are: libandroidx.graphics.path.so.

> Task :app-driver:validateSigningDebug
> Task :app-driver:writeDebugAppMetadata
> Task :app-driver:writeDebugSigningConfigVersions
> Task :app-driver:mergeExtDexDebug
> Task :core-common:compileDebugKotlin
> Task :core-common:compileDebugJavaWithJavac NO-SOURCE
> Task :core-common:processDebugJavaRes
> Task :core-common:bundleLibRuntimeToJarDebug
> Task :core-common:bundleLibCompileToJarDebug
> Task :core-common:bundleLibRuntimeToDirDebug
> Task :app-admin:mergeExtDexDebug
> Task :core-database:kspDebugKotlin
> Task :core-database:compileDebugKotlin
> Task :core-database:compileDebugJavaWithJavac
> Task :core-database:processDebugJavaRes
> Task :core-database:bundleLibCompileToJarDebug
> Task :core-database:bundleLibRuntimeToJarDebug
> Task :core-database:bundleLibRuntimeToDirDebug
> Task :app-admin:mergeLibDexDebug
> Task :app-driver:mergeLibDexDebug

> Task :app-admin:compileDebugKotlin
e: file:///home/runner/work/Flota/Flota/android-native/app-admin/src/main/java/com/future/ultimate/admin/ui/screen/ClothesScreen.kt:29:39 Unresolved reference 'KeyboardOptions'.
e: file:///home/runner/work/Flota/Flota/android-native/app-admin/src/main/java/com/future/ultimate/admin/ui/screen/ClothesScreen.kt:106:41 Unresolved reference 'ordersUiState'.
e: file:///home/runner/work/Flota/Flota/android-native/app-admin/src/main/java/com/future/ultimate/admin/ui/screen/ClothesScreen.kt:108:43 @Composable invocations can only happen from the context of a @Composable function
e: file:///home/runner/work/Flota/Flota/android-native/app-admin/src/main/java/com/future/ultimate/admin/ui/screen/ClothesScreen.kt:117:33 Unresolved reference 'ordersUiState'.
e: file:///home/runner/work/Flota/Flota/android-native/app-admin/src/main/java/com/future/ultimate/admin/ui/screen/ClothesScreen.kt:118:57 Unresolved reference 'ordersUiState'.
e: file:///home/runner/work/Flota/Flota/android-native/app-admin/src/main/java/com/future/ultimate/admin/ui/screen/ClothesScreen.kt:120:29 Unresolved reference 'ordersUiState'.
e: file:///home/runner/work/Flota/Flota/android-native/app-admin/src/main/java/com/future/ultimate/admin/ui/screen/ClothesScreen.kt:120:29 Argument type mismatch: actual type is 'R?', but 'K' was expected.
e: file:///home/runner/work/Flota/Flota/android-native/app-admin/src/main/java/com/future/ultimate/admin/ui/screen/ClothesScreen.kt:120:58 Cannot infer type for this parameter. Please specify it explicitly.
e: file:///home/runner/work/Flota/Flota/android-native/app-admin/src/main/java/com/future/ultimate/admin/ui/screen/ClothesScreen.kt:120:62 Cannot infer type for this parameter. Please specify it explicitly.
e: file:///home/runner/work/Flota/Flota/android-native/app-admin/src/main/java/com/future/ultimate/admin/ui/screen/ClothesScreen.kt:188:45 Unresolved reference 'ordersUiState'.
e: file:///home/runner/work/Flota/Flota/android-native/app-admin/src/main/java/com/future/ultimate/admin/ui/screen/ClothesScreen.kt:189:44 Unresolved reference 'ordersUiState'.
e: file:///home/runner/work/Flota/Flota/android-native/app-admin/src/main/java/com/future/ultimate/admin/ui/screen/ClothesScreen.kt:189:84 Cannot infer type for this parameter. Please specify it explicitly.
e: file:///home/runner/work/Flota/Flota/android-native/app-admin/src/main/java/com/future/ultimate/admin/ui/screen/ClothesScreen.kt:190:66 Unresolved reference 'plant'.
e: file:///home/runner/work/Flota/Flota/android-native/app-admin/src/main/java/com/future/ultimate/admin/ui/screen/ClothesScreen.kt:196:57 Overload resolution ambiguity between candidates:
fun <T> Array<out T>.isEmpty(): Boolean
fun BooleanArray.isEmpty(): Boolean
fun ByteArray.isEmpty(): Boolean
fun CharArray.isEmpty(): Boolean
fun DoubleArray.isEmpty(): Boolean
fun FloatArray.isEmpty(): Boolean
fun IntArray.isEmpty(): Boolean
fun LongArray.isEmpty(): Boolean
fun ShortArray.isEmpty(): Boolean
fun CharSequence.isEmpty(): Boolean
e: file:///home/runner/work/Flota/Flota/android-native/app-admin/src/main/java/com/future/ultimate/admin/ui/screen/ClothesScreen.kt:199:50 Overload resolution ambiguity between candidates:
fun <T> Iterable<T>.forEach(action: (T) -> Unit): Unit
fun <K, V> Map<out K, V>.forEach(action: (Map.Entry<K, V>) -> Unit): Unit
e: file:///home/runner/work/Flota/Flota/android-native/app-admin/src/main/java/com/future/ultimate/admin/ui/screen/ClothesScreen.kt:199:60 Cannot infer type for this parameter. Please specify it explicitly.
e: file:///home/runner/work/Flota/Flota/android-native/app-admin/src/main/java/com/future/ultimate/admin/ui/screen/ClothesScreen.kt:200:41 @Composable invocations can only happen from the context of a @Composable function
e: file:///home/runner/work/Flota/Flota/android-native/app-admin/src/main/java/com/future/ultimate/admin/ui/screen/ClothesScreen.kt:202:66 Unresolved reference 'id'.
e: file:///home/runner/work/Flota/Flota/android-native/app-admin/src/main/java/com/future/ultimate/admin/ui/screen/ClothesScreen.kt:202:72 Unresolved reference 'ordersUiState'.
e: file:///home/runner/work/Flota/Flota/android-native/app-admin/src/main/java/com/future/ultimate/admin/ui/screen/ClothesScreen.kt:203:69 Unresolved reference 'ordersViewModel'.
e: file:///home/runner/work/Flota/Flota/android-native/app-admin/src/main/java/com/future/ultimate/admin/ui/screen/ClothesScreen.kt:203:114 Unresolved reference 'id'.
e: file:///home/runner/work/Flota/Flota/android-native/app-admin/src/main/java/com/future/ultimate/admin/ui/screen/ClothesScreen.kt:206:64 Unresolved reference 'name'.
e: file:///home/runner/work/Flota/Flota/android-native/app-admin/src/main/java/com/future/ultimate/admin/ui/screen/ClothesScreen.kt:206:79 Unresolved reference 'surname'.
e: file:///home/runner/work/Flota/Flota/android-native/app-admin/src/main/java/com/future/ultimate/admin/ui/screen/ClothesScreen.kt:207:61 Unresolved reference 'plant'.
e: file:///home/runner/work/Flota/Flota/android-native/app-admin/src/main/java/com/future/ultimate/admin/ui/screen/ClothesScreen.kt:207:67 Cannot infer type for this parameter. Please specify it explicitly.
e: file:///home/runner/work/Flota/Flota/android-native/app-admin/src/main/java/com/future/ultimate/admin/ui/screen/ClothesScreen.kt:213:51 Unresolved reference 'ordersUiState'.
e: file:///home/runner/work/Flota/Flota/android-native/app-admin/src/main/java/com/future/ultimate/admin/ui/screen/ClothesScreen.kt:222:51 Unresolved reference 'ordersUiState'.
e: file:///home/runner/work/Flota/Flota/android-native/app-admin/src/main/java/com/future/ultimate/admin/ui/screen/ClothesScreen.kt:233:63 Unresolved reference 'KeyboardOptions'.
e: file:///home/runner/work/Flota/Flota/android-native/app-admin/src/main/java/com/future/ultimate/admin/ui/screen/ClothesScreen.kt:239:60 Unresolved reference 'ordersUiState'.
e: file:///home/runner/work/Flota/Flota/android-native/app-admin/src/main/java/com/future/ultimate/admin/ui/screen/ClothesScreen.kt:240:93 Cannot infer type for this parameter. Please specify it explicitly.
e: file:///home/runner/work/Flota/Flota/android-native/app-admin/src/main/java/com/future/ultimate/admin/ui/screen/ClothesScreen.kt:253:64 Overload resolution ambiguity between candidates:
fun <T> Array<out T>.filter(predicate: (T) -> Boolean): List<T>
fun BooleanArray.filter(predicate: (Boolean) -> Boolean): List<Boolean>
fun ByteArray.filter(predicate: (Byte) -> Boolean): List<Byte>
fun CharArray.filter(predicate: (Char) -> Boolean): List<Char>
fun DoubleArray.filter(predicate: (Double) -> Boolean): List<Double>
fun FloatArray.filter(predicate: (Float) -> Boolean): List<Float>
fun IntArray.filter(predicate: (Int) -> Boolean): List<Int>
fun LongArray.filter(predicate: (Long) -> Boolean): List<Long>
fun ShortArray.filter(predicate: (Short) -> Boolean): List<Short>
fun <T> Iterable<T>.filter(predicate: (T) -> Boolean): List<T>
fun <K, V> Map<out K, V>.filter(predicate: (Map.Entry<K, V>) -> Boolean): Map<K, V>
fun UByteArray.filter(predicate: (UByte) -> Boolean): List<UByte>
fun UIntArray.filter(predicate: (UInt) -> Boolean): List<UInt>
fun ULongArray.filter(predicate: (ULong) -> Boolean): List<ULong>
fun UShortArray.filter(predicate: (UShort) -> Boolean): List<UShort>
fun <T> Sequence<T>.filter(predicate: (T) -> Boolean): Sequence<T>
fun CharSequence.filter(predicate: (Char) -> Boolean): CharSequence
fun String.filter(predicate: (Char) -> Boolean): String
e: file:///home/runner/work/Flota/Flota/android-native/app-admin/src/main/java/com/future/ultimate/admin/ui/screen/ClothesScreen.kt:253:73 Unresolved reference 'it'.
e: file:///home/runner/work/Flota/Flota/android-native/app-admin/src/main/java/com/future/ultimate/admin/ui/screen/ClothesScreen.kt:253:82 Unresolved reference 'ordersUiState'.
e: file:///home/runner/work/Flota/Flota/android-native/app-admin/src/main/java/com/future/ultimate/admin/ui/screen/ClothesScreen.kt:254:45 Overload resolution ambiguity between candidates:
fun <T> Iterable<T>.forEach(action: (T) -> Unit): Unit
fun <K, V> Map<out K, V>.forEach(action: (Map.Entry<K, V>) -> Unit): Unit
e: file:///home/runner/work/Flota/Flota/android-native/app-admin/src/main/java/com/future/ultimate/admin/ui/screen/ClothesScreen.kt:254:55 Cannot infer type for this parameter. Please specify it explicitly.
e: file:///home/runner/work/Flota/Flota/android-native/app-admin/src/main/java/com/future/ultimate/admin/ui/screen/ClothesScreen.kt:256:67 Unresolved reference 'name'.
e: file:///home/runner/work/Flota/Flota/android-native/app-admin/src/main/java/com/future/ultimate/admin/ui/screen/ClothesScreen.kt:256:82 Unresolved reference 'surname'.
e: file:///home/runner/work/Flota/Flota/android-native/app-admin/src/main/java/com/future/ultimate/admin/ui/screen/ClothesScreen.kt:259:85 Unresolved reference 'id'.
e: file:///home/runner/work/Flota/Flota/android-native/app-admin/src/main/java/com/future/ultimate/admin/ui/screen/ClothesScreen.kt:262:95 Unresolved reference 'id'.
e: file:///home/runner/work/Flota/Flota/android-native/app-admin/src/main/java/com/future/ultimate/admin/ui/screen/ClothesScreen.kt:263:107 Unresolved reference 'id'.
e: file:///home/runner/work/Flota/Flota/android-native/app-admin/src/main/java/com/future/ultimate/admin/ui/screen/ClothesScreen.kt:263:110 Cannot infer type for this parameter. Please specify it explicitly.
e: file:///home/runner/work/Flota/Flota/android-native/app-admin/src/main/java/com/future/ultimate/admin/ui/screen/ClothesScreen.kt:266:67 Unresolved reference 'KeyboardOptions'.
e: file:///home/runner/work/Flota/Flota/android-native/app-admin/src/main/java/com/future/ultimate/admin/ui/screen/ClothesScreen.kt:277:59 Unresolved reference 'ordersUiState'.
e: file:///home/runner/work/Flota/Flota/android-native/app-admin/src/main/java/com/future/ultimate/admin/ui/screen/ClothesScreen.kt:277:107 Cannot infer type for this parameter. Please specify it explicitly.
e: file:///home/runner/work/Flota/Flota/android-native/app-admin/src/main/java/com/future/ultimate/admin/ui/screen/ClothesScreen.kt:284:45 Unresolved reference 'ordersViewModel'.
e: file:///home/runner/work/Flota/Flota/android-native/app-admin/src/main/java/com/future/ultimate/admin/ui/screen/ClothesScreen.kt:290:52 Unresolved reference 'ordersUiState'.
e: file:///home/runner/work/Flota/Flota/android-native/app-admin/src/main/java/com/future/ultimate/admin/ui/screen/ClothesScreen.kt:293:50 Unresolved reference 'ordersUiState'.
e: file:///home/runner/work/Flota/Flota/android-native/app-admin/src/main/java/com/future/ultimate/admin/ui/screen/ClothesScreen.kt:300:45 Unresolved reference 'ordersUiState'.
e: file:///home/runner/work/Flota/Flota/android-native/app-admin/src/main/java/com/future/ultimate/admin/ui/screen/ClothesScreen.kt:300:74 Unresolved reference 'it'.
e: file:///home/runner/work/Flota/Flota/android-native/app-admin/src/main/java/com/future/ultimate/admin/ui/screen/ClothesScreen.kt:301:43 Overload resolution ambiguity between candidates:
fun <T> Array<out T>.isEmpty(): Boolean
fun BooleanArray.isEmpty(): Boolean
fun ByteArray.isEmpty(): Boolean
fun CharArray.isEmpty(): Boolean
fun DoubleArray.isEmpty(): Boolean
fun FloatArray.isEmpty(): Boolean
fun IntArray.isEmpty(): Boolean
fun LongArray.isEmpty(): Boolean
fun ShortArray.isEmpty(): Boolean
fun CharSequence.isEmpty(): Boolean
e: file:///home/runner/work/Flota/Flota/android-native/app-admin/src/main/java/com/future/ultimate/admin/ui/screen/ClothesScreen.kt:304:43 Overload resolution ambiguity between candidates:
fun <T> Iterable<T>.forEach(action: (T) -> Unit): Unit
fun <K, V> Map<out K, V>.forEach(action: (Map.Entry<K, V>) -> Unit): Unit
e: file:///home/runner/work/Flota/Flota/android-native/app-admin/src/main/java/com/future/ultimate/admin/ui/screen/ClothesScreen.kt:304:53 Cannot infer type for this parameter. Please specify it explicitly.
e: file:///home/runner/work/Flota/Flota/android-native/app-admin/src/main/java/com/future/ultimate/admin/ui/screen/ClothesScreen.kt:306:57 Argument type mismatch: actual type is 'C', but 'kotlin.String?' was expected.
e: file:///home/runner/work/Flota/Flota/android-native/app-admin/src/main/java/com/future/ultimate/admin/ui/screen/ClothesScreen.kt:306:63 Unresolved reference 'orderDesc'.
e: file:///home/runner/work/Flota/Flota/android-native/app-admin/src/main/java/com/future/ultimate/admin/ui/screen/ClothesScreen.kt:306:73 Cannot infer type for this parameter. Please specify it explicitly.
e: file:///home/runner/work/Flota/Flota/android-native/app-admin/src/main/java/com/future/ultimate/admin/ui/screen/ClothesScreen.kt:306:92 Unresolved reference 'plant'.
e: file:///home/runner/work/Flota/Flota/android-native/app-admin/src/main/java/com/future/ultimate/admin/ui/screen/ClothesScreen.kt:306:109 Unresolved reference 'date'.
e: file:///home/runner/work/Flota/Flota/android-native/app-admin/src/main/java/com/future/ultimate/admin/ui/screen/ClothesScreen.kt:306:119 Argument type mismatch: actual type is 'kotlin.Function0<kotlin.Unit>', but '@Composable() androidx.compose.runtime.internal.ComposableFunction0<kotlin.Unit>' was expected.
e: file:///home/runner/work/Flota/Flota/android-native/app-admin/src/main/java/com/future/ultimate/admin/ui/screen/ClothesScreen.kt:307:41 @Composable invocations can only happen from the context of a @Composable function
e: file:///home/runner/work/Flota/Flota/android-native/app-admin/src/main/java/com/future/ultimate/admin/ui/screen/ClothesScreen.kt:307:63 Unresolved reference 'plant'.
e: file:///home/runner/work/Flota/Flota/android-native/app-admin/src/main/java/com/future/ultimate/admin/ui/screen/ClothesScreen.kt:307:69 Cannot infer type for this parameter. Please specify it explicitly.
e: file:///home/runner/work/Flota/Flota/android-native/app-admin/src/main/java/com/future/ultimate/admin/ui/screen/ClothesScreen.kt:308:41 @Composable invocations can only happen from the context of a @Composable function
e: file:///home/runner/work/Flota/Flota/android-native/app-admin/src/main/java/com/future/ultimate/admin/ui/screen/ClothesScreen.kt:308:61 Unresolved reference 'date'.
e: file:///home/runner/work/Flota/Flota/android-native/app-admin/src/main/java/com/future/ultimate/admin/ui/screen/ClothesScreen.kt:309:41 @Composable invocations can only happen from the context of a @Composable function
e: file:///home/runner/work/Flota/Flota/android-native/app-admin/src/main/java/com/future/ultimate/admin/ui/screen/ClothesScreen.kt:309:63 Unresolved reference 'status'.
e: file:///home/runner/work/Flota/Flota/android-native/app-admin/src/main/java/com/future/ultimate/admin/ui/screen/ClothesScreen.kt:316:43 Unresolved reference 'ordersUiState'.
e: file:///home/runner/work/Flota/Flota/android-native/app-admin/src/main/java/com/future/ultimate/admin/ui/screen/ClothesScreen.kt:316:72 Cannot infer type for this parameter. Please specify it explicitly.
e: file:///home/runner/work/Flota/Flota/android-native/app-admin/src/main/java/com/future/ultimate/admin/ui/screen/ClothesScreen.kt:317:52 Unresolved reference 'status'.
e: file:///home/runner/work/Flota/Flota/android-native/app-admin/src/main/java/com/future/ultimate/admin/ui/screen/ClothesScreen.kt:320:41 Overload resolution ambiguity between candidates:
fun <T> Array<out T>.isEmpty(): Boolean
fun BooleanArray.isEmpty(): Boolean
fun ByteArray.isEmpty(): Boolean
fun CharArray.isEmpty(): Boolean
fun DoubleArray.isEmpty(): Boolean
fun FloatArray.isEmpty(): Boolean
fun IntArray.isEmpty(): Boolean
fun LongArray.isEmpty(): Boolean
fun ShortArray.isEmpty(): Boolean
fun CharSequence.isEmpty(): Boolean
e: file:///home/runner/work/Flota/Flota/android-native/app-admin/src/main/java/com/future/ultimate/admin/ui/screen/ClothesScreen.kt:323:41 Overload resolution ambiguity between candidates:
fun <T> Iterable<T>.forEach(action: (T) -> Unit): Unit
fun <K, V> Map<out K, V>.forEach(action: (Map.Entry<K, V>) -> Unit): Unit
e: file:///home/runner/work/Flota/Flota/android-native/app-admin/src/main/java/com/future/ultimate/admin/ui/screen/ClothesScreen.kt:323:51 Cannot infer type for this parameter. Please specify it explicitly.
e: file:///home/runner/work/Flota/Flota/android-native/app-admin/src/main/java/com/future/ultimate/admin/ui/screen/ClothesScreen.kt:325:57 Argument type mismatch: actual type is 'C', but 'kotlin.String?' was expected.
e: file:///home/runner/work/Flota/Flota/android-native/app-admin/src/main/java/com/future/ultimate/admin/ui/screen/ClothesScreen.kt:325:63 Unresolved reference 'orderDesc'.
e: file:///home/runner/work/Flota/Flota/android-native/app-admin/src/main/java/com/future/ultimate/admin/ui/screen/ClothesScreen.kt:325:73 Cannot infer type for this parameter. Please specify it explicitly.
e: file:///home/runner/work/Flota/Flota/android-native/app-admin/src/main/java/com/future/ultimate/admin/ui/screen/ClothesScreen.kt:325:92 Unresolved reference 'plant'.
e: file:///home/runner/work/Flota/Flota/android-native/app-admin/src/main/java/com/future/ultimate/admin/ui/screen/ClothesScreen.kt:325:109 Unresolved reference 'date'.
e: file:///home/runner/work/Flota/Flota/android-native/app-admin/src/main/java/com/future/ultimate/admin/ui/screen/ClothesScreen.kt:325:119 Argument type mismatch: actual type is 'kotlin.Function0<kotlin.Unit>', but '@Composable() androidx.compose.runtime.internal.ComposableFunction0<kotlin.Unit>' was expected.
e: file:///home/runner/work/Flota/Flota/android-native/app-admin/src/main/java/com/future/ultimate/admin/ui/screen/ClothesScreen.kt:326:41 @Composable invocations can only happen from the context of a @Composable function
e: file:///home/runner/work/Flota/Flota/android-native/app-admin/src/main/java/com/future/ultimate/admin/ui/screen/ClothesScreen.kt:326:63 Unresolved reference 'plant'.
e: file:///home/runner/work/Flota/Flota/android-native/app-admin/src/main/java/com/future/ultimate/admin/ui/screen/ClothesScreen.kt:326:69 Cannot infer type for this parameter. Please specify it explicitly.
e: file:///home/runner/work/Flota/Flota/android-native/app-admin/src/main/java/com/future/ultimate/admin/ui/screen/ClothesScreen.kt:327:41 @Composable invocations can only happen from the context of a @Composable function
e: file:///home/runner/work/Flota/Flota/android-native/app-admin/src/main/java/com/future/ultimate/admin/ui/screen/ClothesScreen.kt:327:61 Unresolved reference 'date'.
e: file:///home/runner/work/Flota/Flota/android-native/app-admin/src/main/java/com/future/ultimate/admin/ui/screen/ClothesScreen.kt:328:41 @Composable invocations can only happen from the context of a @Composable function
e: file:///home/runner/work/Flota/Flota/android-native/app-admin/src/main/java/com/future/ultimate/admin/ui/screen/ClothesScreen.kt:328:63 Unresolved reference 'status'.
e: file:///home/runner/work/Flota/Flota/android-native/app-admin/src/main/java/com/future/ultimate/admin/ui/screen/ClothesScreen.kt:331:33 @Composable invocations can only happen from the context of a @Composable function
e: file:///home/runner/work/Flota/Flota/android-native/app-admin/src/main/java/com/future/ultimate/admin/ui/screen/ClothesScreen.kt:331:51 Unresolved reference 'itemData'.
e: file:///home/runner/work/Flota/Flota/android-native/app-admin/src/main/java/com/future/ultimate/admin/ui/screen/ClothesScreen.kt:331:78 Unresolved reference 'itemData'.
e: file:///home/runner/work/Flota/Flota/android-native/app-admin/src/main/java/com/future/ultimate/admin/ui/screen/ClothesScreen.kt:332:33 @Composable invocations can only happen from the context of a @Composable function
e: file:///home/runner/work/Flota/Flota/android-native/app-admin/src/main/java/com/future/ultimate/admin/ui/screen/ClothesScreen.kt:332:50 Unresolved reference 'itemData'.
e: file:///home/runner/work/Flota/Flota/android-native/app-admin/src/main/java/com/future/ultimate/admin/ui/screen/ClothesScreen.kt:332:78 Unresolved reference 'itemData'.
e: file:///home/runner/work/Flota/Flota/android-native/app-admin/src/main/java/com/future/ultimate/admin/ui/screen/ClothesScreen.kt:332:105 Unresolved reference 'itemData'.
e: file:///home/runner/work/Flota/Flota/android-native/app-admin/src/main/java/com/future/ultimate/admin/ui/screen/ClothesScreen.kt:333:33 @Composable invocations can only happen from the context of a @Composable function
e: file:///home/runner/work/Flota/Flota/android-native/app-admin/src/main/java/com/future/ultimate/admin/ui/screen/ClothesScreen.kt:333:74 Unresolved reference 'itemData'.
e: file:///home/runner/work/Flota/Flota/android-native/app-admin/src/main/java/com/future/ultimate/admin/ui/screen/ClothesScreen.kt:339:9 'if' must have both main and 'else' branches when used as an expression.
e: file:///home/runner/work/Flota/Flota/android-native/app-admin/src/main/java/com/future/ultimate/admin/ui/screen/ClothesScreen.kt:339:9 Incompatible types 'kotlin.Int' and 'kotlin.Unit'.
e: file:///home/runner/work/Flota/Flota/android-native/app-admin/src/main/java/com/future/ultimate/admin/ui/screen/ClothesScreen.kt:363:10 Syntax error: Expecting '->'.
e: file:///home/runner/work/Flota/Flota/android-native/app-admin/src/main/java/com/future/ultimate/admin/ui/screen/ClothesScreen.kt:367:9 Unresolved reference 'ClothesSizeDialog'.
e: file:///home/runner/work/Flota/Flota/android-native/app-admin/src/main/java/com/future/ultimate/admin/ui/screen/ClothesScreen.kt:384:9 @Composable invocations can only happen from the context of a @Composable function
e: file:///home/runner/work/Flota/Flota/android-native/app-admin/src/main/java/com/future/ultimate/admin/ui/screen/ClothesScreen.kt:389:21 Unresolved reference 'ordersUiState'.
e: file:///home/runner/work/Flota/Flota/android-native/app-admin/src/main/java/com/future/ultimate/admin/ui/screen/ClothesScreen.kt:390:32 Unresolved reference 'it'.
e: file:///home/runner/work/Flota/Flota/android-native/app-admin/src/main/java/com/future/ultimate/admin/ui/screen/ClothesScreen.kt:391:26 Overload resolution ambiguity between candidates:
fun <T> Array<out T>.filter(predicate: (T) -> Boolean): List<T>
fun BooleanArray.filter(predicate: (Boolean) -> Boolean): List<Boolean>
fun ByteArray.filter(predicate: (Byte) -> Boolean): List<Byte>
fun CharArray.filter(predicate: (Char) -> Boolean): List<Char>
fun DoubleArray.filter(predicate: (Double) -> Boolean): List<Double>
fun FloatArray.filter(predicate: (Float) -> Boolean): List<Float>
fun IntArray.filter(predicate: (Int) -> Boolean): List<Int>
fun LongArray.filter(predicate: (Long) -> Boolean): List<Long>
fun ShortArray.filter(predicate: (Short) -> Boolean): List<Short>
fun <T> Iterable<T>.filter(predicate: (T) -> Boolean): List<T>
fun <K, V> Map<out K, V>.filter(predicate: (Map.Entry<K, V>) -> Boolean): Map<K, V>
fun UByteArray.filter(predicate: (UByte) -> Boolean): List<UByte>
fun UIntArray.filter(predicate: (UInt) -> Boolean): List<UInt>
fun ULongArray.filter(predicate: (ULong) -> Boolean): List<ULong>
fun UShortArray.filter(predicate: (UShort) -> Boolean): List<UShort>
fun <T> Sequence<T>.filter(predicate: (T) -> Boolean): Sequence<T>
fun CharSequence.filter(predicate: (Char) -> Boolean): CharSequence
fun String.filter(predicate: (Char) -> Boolean): String
e: file:///home/runner/work/Flota/Flota/android-native/app-admin/src/main/java/com/future/ultimate/admin/ui/screen/ClothesScreen.kt:391:35 Unresolved reference 'it'.
e: file:///home/runner/work/Flota/Flota/android-native/app-admin/src/main/java/com/future/ultimate/admin/ui/screen/ClothesScreen.kt:392:26 Overload resolution ambiguity between candidates:
fun <T> Array<out T>.distinct(): List<T>
fun BooleanArray.distinct(): List<Boolean>
fun ByteArray.distinct(): List<Byte>
fun CharArray.distinct(): List<Char>
fun DoubleArray.distinct(): List<Double>
fun FloatArray.distinct(): List<Float>
fun IntArray.distinct(): List<Int>
fun LongArray.distinct(): List<Long>
fun ShortArray.distinct(): List<Short>
fun <T> Iterable<T>.distinct(): List<T>
fun <T> Sequence<T>.distinct(): Sequence<T>
e: file:///home/runner/work/Flota/Flota/android-native/app-admin/src/main/java/com/future/ultimate/admin/ui/screen/ClothesScreen.kt:393:26 Overload resolution ambiguity between candidates:
fun <T : Comparable<T>> Array<out T>.sorted(): List<T>
fun ByteArray.sorted(): List<Byte>
fun CharArray.sorted(): List<Char>
fun DoubleArray.sorted(): List<Double>
fun FloatArray.sorted(): List<Float>
fun IntArray.sorted(): List<Int>
fun LongArray.sorted(): List<Long>
fun ShortArray.sorted(): List<Short>
fun <T : Comparable<T>> Iterable<T>.sorted(): List<T>
fun UByteArray.sorted(): List<UByte>
fun UIntArray.sorted(): List<UInt>
fun ULongArray.sorted(): List<ULong>
fun UShortArray.sorted(): List<UShort>
fun <T : Comparable<T>> Sequence<T>.sorted(): Sequence<T>
e: file:///home/runner/work/Flota/Flota/android-native/app-admin/src/main/java/com/future/ultimate/admin/ui/screen/ClothesScreen.kt:394:26 Overload resolution ambiguity between candidates:
fun <T> Iterable<T>.forEach(action: (T) -> Unit): Unit
fun <K, V> Map<out K, V>.forEach(action: (Map.Entry<K, V>) -> Unit): Unit
e: file:///home/runner/work/Flota/Flota/android-native/app-admin/src/main/java/com/future/ultimate/admin/ui/screen/ClothesScreen.kt:394:36 Cannot infer type for this parameter. Please specify it explicitly.
e: file:///home/runner/work/Flota/Flota/android-native/app-admin/src/main/java/com/future/ultimate/admin/ui/screen/ClothesScreen.kt:395:29 @Composable invocations can only happen from the context of a @Composable function
e: file:///home/runner/work/Flota/Flota/android-native/app-admin/src/main/java/com/future/ultimate/admin/ui/screen/ClothesScreen.kt:397:37 Unresolved reference 'ordersViewModel'.
e: file:///home/runner/work/Flota/Flota/android-native/app-admin/src/main/java/com/future/ultimate/admin/ui/screen/ClothesScreen.kt:398:41 Unresolved reference 'ordersUiState'.
e: file:///home/runner/work/Flota/Flota/android-native/app-admin/src/main/java/com/future/ultimate/admin/ui/screen/ClothesScreen.kt:403:37 Unresolved reference 'ordersViewModel'.
e: file:///home/runner/work/Flota/Flota/android-native/app-admin/src/main/java/com/future/ultimate/admin/ui/screen/ClothesScreen.kt:424:1 Modifier 'private' is not applicable to 'local function'.
e: file:///home/runner/work/Flota/Flota/android-native/app-admin/src/main/java/com/future/ultimate/admin/ui/screen/ClothesScreen.kt:463:17 Unresolved reference 'SizeSelectField'.
e: file:///home/runner/work/Flota/Flota/android-native/app-admin/src/main/java/com/future/ultimate/admin/ui/screen/ClothesScreen.kt:468:45 Unresolved reference 'CLOTH_PART_SIZE_OPTIONS'.
e: file:///home/runner/work/Flota/Flota/android-native/app-admin/src/main/java/com/future/ultimate/admin/ui/screen/ClothesScreen.kt:473:17 Unresolved reference 'SizeSelectField'.
e: file:///home/runner/work/Flota/Flota/android-native/app-admin/src/main/java/com/future/ultimate/admin/ui/screen/ClothesScreen.kt:478:45 Unresolved reference 'CLOTH_PART_SIZE_OPTIONS'.
e: file:///home/runner/work/Flota/Flota/android-native/app-admin/src/main/java/com/future/ultimate/admin/ui/screen/ClothesScreen.kt:483:17 Unresolved reference 'SizeSelectField'.
e: file:///home/runner/work/Flota/Flota/android-native/app-admin/src/main/java/com/future/ultimate/admin/ui/screen/ClothesScreen.kt:488:45 Unresolved reference 'PANTS_SIZE_OPTIONS'.
e: file:///home/runner/work/Flota/Flota/android-native/app-admin/src/main/java/com/future/ultimate/admin/ui/screen/ClothesScreen.kt:493:17 Unresolved reference 'SizeSelectField'.
e: file:///home/runner/work/Flota/Flota/android-native/app-admin/src/main/java/com/future/ultimate/admin/ui/screen/ClothesScreen.kt:498:45 Unresolved reference 'CLOTH_PART_SIZE_OPTIONS'.
e: file:///home/runner/work/Flota/Flota/android-native/app-admin/src/main/java/com/future/ultimate/admin/ui/screen/ClothesScreen.kt:503:17 Unresolved reference 'SizeSelectField'.
e: file:///home/runner/work/Flota/Flota/android-native/app-admin/src/main/java/com/future/ultimate/admin/ui/screen/ClothesScreen.kt:508:45 Unresolved reference 'SHOES_SIZE_OPTIONS'.
e: file:///home/runner/work/Flota/Flota/android-native/app-admin/src/main/java/com/future/ultimate/admin/ui/screen/ClothesScreen.kt:566:1 Modifier 'private' is not applicable to 'local function'.
e: file:///home/runner/work/Flota/Flota/android-native/app-admin/src/main/java/com/future/ultimate/admin/ui/screen/ClothesScreen.kt:585:1 Modifier 'private' is not applicable to 'local variable'.
e: file:///home/runner/work/Flota/Flota/android-native/app-admin/src/main/java/com/future/ultimate/admin/ui/screen/ClothesScreen.kt:586:1 Modifier 'private' is not applicable to 'local variable'.
e: file:///home/runner/work/Flota/Flota/android-native/app-admin/src/main/java/com/future/ultimate/admin/ui/screen/ClothesScreen.kt:587:1 Modifier 'private' is not applicable to 'local variable'.
e: file:///home/runner/work/Flota/Flota/android-native/app-admin/src/main/java/com/future/ultimate/admin/ui/screen/ClothesScreen.kt:587:61 Syntax error: Expecting '}'.

> Task :app-admin:compileDebugKotlin FAILED
> Task :app-driver:compileDebugKotlin
gradle/actions: Writing build results to /home/runner/work/_temp/.gradle-actions/build-results/__run_2-1774726331169.json

[Incubating] Problems report is available at: file:///home/runner/work/Flota/Flota/android-native/build/reports/problems/problems-report.html

FAILURE: Build failed with an exception.

* What went wrong:
Execution failed for task ':app-admin:compileDebugKotlin'.
> A failure occurred while executing org.jetbrains.kotlin.compilerRunner.GradleCompilerRunnerWithWorkers$GradleKotlinCompilerWorkAction
   > Compilation error. See log for more details

* Try:
> Run with --info or --debug option to get more log output.
> Run with --scan to get full insights.
> Get more help at https://help.gradle.org.

* Exception is:
org.gradle.api.tasks.TaskExecutionException: Execution failed for task ':app-admin:compileDebugKotlin'.
	at org.gradle.api.internal.tasks.execution.ExecuteActionsTaskExecuter.lambda$executeIfValid$1(ExecuteActionsTaskExecuter.java:130)
	at org.gradle.internal.Try$Failure.ifSuccessfulOrElse(Try.java:293)
	at org.gradle.api.internal.tasks.execution.ExecuteActionsTaskExecuter.executeIfValid(ExecuteActionsTaskExecuter.java:128)
	at org.gradle.api.internal.tasks.execution.ExecuteActionsTaskExecuter.execute(ExecuteActionsTaskExecuter.java:116)
	at org.gradle.api.internal.tasks.execution.ProblemsTaskPathTrackingTaskExecuter.execute(ProblemsTaskPathTrackingTaskExecuter.java:41)
	at org.gradle.api.internal.tasks.execution.FinalizePropertiesTaskExecuter.execute(FinalizePropertiesTaskExecuter.java:46)
	at org.gradle.api.internal.tasks.execution.ResolveTaskExecutionModeExecuter.execute(ResolveTaskExecutionModeExecuter.java:51)
	at org.gradle.api.internal.tasks.execution.SkipTaskWithNoActionsExecuter.execute(SkipTaskWithNoActionsExecuter.java:57)
	at org.gradle.api.internal.tasks.execution.SkipOnlyIfTaskExecuter.execute(SkipOnlyIfTaskExecuter.java:74)
	at org.gradle.api.internal.tasks.execution.CatchExceptionTaskExecuter.execute(CatchExceptionTaskExecuter.java:36)
	at org.gradle.api.internal.tasks.execution.EventFiringTaskExecuter$1.executeTask(EventFiringTaskExecuter.java:77)
	at org.gradle.api.internal.tasks.execution.EventFiringTaskExecuter$1.call(EventFiringTaskExecuter.java:55)
	at org.gradle.api.internal.tasks.execution.EventFiringTaskExecuter$1.call(EventFiringTaskExecuter.java:52)
	at org.gradle.internal.operations.DefaultBuildOperationRunner$CallableBuildOperationWorker.execute(DefaultBuildOperationRunner.java:210)
	at org.gradle.internal.operations.DefaultBuildOperationRunner$CallableBuildOperationWorker.execute(DefaultBuildOperationRunner.java:205)
	at org.gradle.internal.operations.DefaultBuildOperationRunner$2.execute(DefaultBuildOperationRunner.java:67)
	at org.gradle.internal.operations.DefaultBuildOperationRunner$2.execute(DefaultBuildOperationRunner.java:60)
	at org.gradle.internal.operations.DefaultBuildOperationRunner.execute(DefaultBuildOperationRunner.java:167)
	at org.gradle.internal.operations.DefaultBuildOperationRunner.execute(DefaultBuildOperationRunner.java:60)
	at org.gradle.internal.operations.DefaultBuildOperationRunner.call(DefaultBuildOperationRunner.java:54)
	at org.gradle.api.internal.tasks.execution.EventFiringTaskExecuter.execute(EventFiringTaskExecuter.java:52)
	at org.gradle.execution.plan.LocalTaskNodeExecutor.execute(LocalTaskNodeExecutor.java:42)
	at org.gradle.execution.taskgraph.DefaultTaskExecutionGraph$InvokeNodeExecutorsAction.execute(DefaultTaskExecutionGraph.java:331)
	at org.gradle.execution.taskgraph.DefaultTaskExecutionGraph$InvokeNodeExecutorsAction.execute(DefaultTaskExecutionGraph.java:318)
	at org.gradle.execution.taskgraph.DefaultTaskExecutionGraph$BuildOperationAwareExecutionAction.lambda$execute$0(DefaultTaskExecutionGraph.java:314)
	at org.gradle.internal.operations.CurrentBuildOperationRef.with(CurrentBuildOperationRef.java:85)
	at org.gradle.execution.taskgraph.DefaultTaskExecutionGraph$BuildOperationAwareExecutionAction.execute(DefaultTaskExecutionGraph.java:314)
	at org.gradle.execution.taskgraph.DefaultTaskExecutionGraph$BuildOperationAwareExecutionAction.execute(DefaultTaskExecutionGraph.java:303)
	at org.gradle.execution.plan.DefaultPlanExecutor$ExecutorWorker.execute(DefaultPlanExecutor.java:459)
	at org.gradle.execution.plan.DefaultPlanExecutor$ExecutorWorker.run(DefaultPlanExecutor.java:376)
	at org.gradle.internal.concurrent.ExecutorPolicy$CatchAndRecordFailures.onExecute(ExecutorPolicy.java:64)
	at org.gradle.internal.concurrent.AbstractManagedExecutor$1.run(AbstractManagedExecutor.java:48)
Caused by: org.gradle.workers.internal.DefaultWorkerExecutor$WorkExecutionException: A failure occurred while executing org.jetbrains.kotlin.compilerRunner.GradleCompilerRunnerWithWorkers$GradleKotlinCompilerWorkAction
	at org.gradle.workers.internal.DefaultWorkerExecutor$WorkItemExecution.waitForCompletion(DefaultWorkerExecutor.java:287)
	at org.gradle.internal.work.DefaultAsyncWorkTracker.lambda$waitForItemsAndGatherFailures$2(DefaultAsyncWorkTracker.java:130)
	at org.gradle.internal.Factories$1.create(Factories.java:31)
	at org.gradle.internal.work.DefaultWorkerLeaseService.withoutLocks(DefaultWorkerLeaseService.java:335)
	at org.gradle.internal.work.DefaultWorkerLeaseService.withoutLocks(DefaultWorkerLeaseService.java:318)
	at org.gradle.internal.work.DefaultWorkerLeaseService.withoutLock(DefaultWorkerLeaseService.java:323)
	at org.gradle.internal.work.DefaultAsyncWorkTracker.waitForItemsAndGatherFailures(DefaultAsyncWorkTracker.java:126)
	at org.gradle.internal.work.DefaultAsyncWorkTracker.waitForItemsAndGatherFailures(DefaultAsyncWorkTracker.java:92)
	at org.gradle.internal.work.DefaultAsyncWorkTracker.waitForAll(DefaultAsyncWorkTracker.java:78)
	at org.gradle.internal.work.DefaultAsyncWorkTracker.waitForCompletion(DefaultAsyncWorkTracker.java:66)
	at org.gradle.api.internal.tasks.execution.TaskExecution$3.run(TaskExecution.java:252)
	at org.gradle.internal.operations.DefaultBuildOperationRunner$1.execute(DefaultBuildOperationRunner.java:30)
	at org.gradle.internal.operations.DefaultBuildOperationRunner$1.execute(DefaultBuildOperationRunner.java:27)
	at org.gradle.internal.operations.DefaultBuildOperationRunner$2.execute(DefaultBuildOperationRunner.java:67)
	at org.gradle.internal.operations.DefaultBuildOperationRunner$2.execute(DefaultBuildOperationRunner.java:60)
	at org.gradle.internal.operations.DefaultBuildOperationRunner.execute(DefaultBuildOperationRunner.java:167)
	at org.gradle.internal.operations.DefaultBuildOperationRunner.execute(DefaultBuildOperationRunner.java:60)
	at org.gradle.internal.operations.DefaultBuildOperationRunner.run(DefaultBuildOperationRunner.java:48)
	at org.gradle.api.internal.tasks.execution.TaskExecution.executeAction(TaskExecution.java:229)
	at org.gradle.api.internal.tasks.execution.TaskExecution.executeActions(TaskExecution.java:212)
	at org.gradle.api.internal.tasks.execution.TaskExecution.executeWithPreviousOutputFiles(TaskExecution.java:195)
	at org.gradle.api.internal.tasks.execution.TaskExecution.execute(TaskExecution.java:162)
	at org.gradle.internal.execution.steps.ExecuteStep.executeInternal(ExecuteStep.java:105)
	at org.gradle.internal.execution.steps.ExecuteStep.access$000(ExecuteStep.java:44)
	at org.gradle.internal.execution.steps.ExecuteStep$1.call(ExecuteStep.java:59)
	at org.gradle.internal.execution.steps.ExecuteStep$1.call(ExecuteStep.java:56)
	at org.gradle.internal.operations.DefaultBuildOperationRunner$CallableBuildOperationWorker.execute(DefaultBuildOperationRunner.java:210)
	at org.gradle.internal.operations.DefaultBuildOperationRunner$CallableBuildOperationWorker.execute(DefaultBuildOperationRunner.java:205)
	at org.gradle.internal.operations.DefaultBuildOperationRunner$2.execute(DefaultBuildOperationRunner.java:67)
	at org.gradle.internal.operations.DefaultBuildOperationRunner$2.execute(DefaultBuildOperationRunner.java:60)
	at org.gradle.internal.operations.DefaultBuildOperationRunner.execute(DefaultBuildOperationRunner.java:167)
	at org.gradle.internal.operations.DefaultBuildOperationRunner.execute(DefaultBuildOperationRunner.java:60)
	at org.gradle.internal.operations.DefaultBuildOperationRunner.call(DefaultBuildOperationRunner.java:54)
	at org.gradle.internal.execution.steps.ExecuteStep.execute(ExecuteStep.java:56)
	at org.gradle.internal.execution.steps.ExecuteStep.execute(ExecuteStep.java:44)
	at org.gradle.internal.execution.steps.CancelExecutionStep.execute(CancelExecutionStep.java:42)
	at org.gradle.internal.execution.steps.TimeoutStep.executeWithoutTimeout(TimeoutStep.java:75)
	at org.gradle.internal.execution.steps.TimeoutStep.execute(TimeoutStep.java:55)
	at org.gradle.internal.execution.steps.PreCreateOutputParentsStep.execute(PreCreateOutputParentsStep.java:50)
	at org.gradle.internal.execution.steps.PreCreateOutputParentsStep.execute(PreCreateOutputParentsStep.java:28)
	at org.gradle.internal.execution.steps.RemovePreviousOutputsStep.execute(RemovePreviousOutputsStep.java:67)
	at org.gradle.internal.execution.steps.RemovePreviousOutputsStep.execute(RemovePreviousOutputsStep.java:37)
	at org.gradle.internal.execution.steps.BroadcastChangingOutputsStep.execute(BroadcastChangingOutputsStep.java:61)
	at org.gradle.internal.execution.steps.BroadcastChangingOutputsStep.execute(BroadcastChangingOutputsStep.java:26)
	at org.gradle.internal.execution.steps.CaptureOutputsAfterExecutionStep.execute(CaptureOutputsAfterExecutionStep.java:69)
	at org.gradle.internal.execution.steps.CaptureOutputsAfterExecutionStep.execute(CaptureOutputsAfterExecutionStep.java:46)
	at org.gradle.internal.execution.steps.ResolveInputChangesStep.execute(ResolveInputChangesStep.java:40)
	at org.gradle.internal.execution.steps.ResolveInputChangesStep.execute(ResolveInputChangesStep.java:29)
	at org.gradle.internal.execution.steps.BuildCacheStep.executeWithoutCache(BuildCacheStep.java:189)
	at org.gradle.internal.execution.steps.BuildCacheStep.lambda$execute$1(BuildCacheStep.java:75)
	at org.gradle.internal.Either$Right.fold(Either.java:175)
	at org.gradle.internal.execution.caching.CachingState.fold(CachingState.java:62)
	at org.gradle.internal.execution.steps.BuildCacheStep.execute(BuildCacheStep.java:73)
	at org.gradle.internal.execution.steps.BuildCacheStep.execute(BuildCacheStep.java:48)
	at org.gradle.internal.execution.steps.StoreExecutionStateStep.execute(StoreExecutionStateStep.java:46)
	at org.gradle.internal.execution.steps.StoreExecutionStateStep.execute(StoreExecutionStateStep.java:35)
	at org.gradle.internal.execution.steps.SkipUpToDateStep.executeBecause(SkipUpToDateStep.java:75)
	at org.gradle.internal.execution.steps.SkipUpToDateStep.lambda$execute$2(SkipUpToDateStep.java:53)
	at org.gradle.internal.execution.steps.SkipUpToDateStep.execute(SkipUpToDateStep.java:53)
	at org.gradle.internal.execution.steps.SkipUpToDateStep.execute(SkipUpToDateStep.java:35)
	at org.gradle.internal.execution.steps.legacy.MarkSnapshottingInputsFinishedStep.execute(MarkSnapshottingInputsFinishedStep.java:37)
	at org.gradle.internal.execution.steps.legacy.MarkSnapshottingInputsFinishedStep.execute(MarkSnapshottingInputsFinishedStep.java:27)
	at org.gradle.internal.execution.steps.ResolveIncrementalCachingStateStep.executeDelegate(ResolveIncrementalCachingStateStep.java:49)
	at org.gradle.internal.execution.steps.ResolveIncrementalCachingStateStep.executeDelegate(ResolveIncrementalCachingStateStep.java:27)
	at org.gradle.internal.execution.steps.AbstractResolveCachingStateStep.execute(AbstractResolveCachingStateStep.java:71)
	at org.gradle.internal.execution.steps.AbstractResolveCachingStateStep.execute(AbstractResolveCachingStateStep.java:39)
	at org.gradle.internal.execution.steps.ResolveChangesStep.execute(ResolveChangesStep.java:65)
	at org.gradle.internal.execution.steps.ResolveChangesStep.execute(ResolveChangesStep.java:36)
	at org.gradle.internal.execution.steps.ValidateStep.execute(ValidateStep.java:107)
	at org.gradle.internal.execution.steps.ValidateStep.execute(ValidateStep.java:56)
	at org.gradle.internal.execution.steps.AbstractCaptureStateBeforeExecutionStep.execute(AbstractCaptureStateBeforeExecutionStep.java:64)
	at org.gradle.internal.execution.steps.AbstractCaptureStateBeforeExecutionStep.execute(AbstractCaptureStateBeforeExecutionStep.java:43)
	at org.gradle.internal.execution.steps.AbstractSkipEmptyWorkStep.executeWithNonEmptySources(AbstractSkipEmptyWorkStep.java:125)
	at org.gradle.internal.execution.steps.AbstractSkipEmptyWorkStep.execute(AbstractSkipEmptyWorkStep.java:61)
	at org.gradle.internal.execution.steps.AbstractSkipEmptyWorkStep.execute(AbstractSkipEmptyWorkStep.java:36)
	at org.gradle.internal.execution.steps.legacy.MarkSnapshottingInputsStartedStep.execute(MarkSnapshottingInputsStartedStep.java:38)
	at org.gradle.internal.execution.steps.LoadPreviousExecutionStateStep.execute(LoadPreviousExecutionStateStep.java:36)
	at org.gradle.internal.execution.steps.LoadPreviousExecutionStateStep.execute(LoadPreviousExecutionStateStep.java:23)
	at org.gradle.internal.execution.steps.HandleStaleOutputsStep.execute(HandleStaleOutputsStep.java:75)
	at org.gradle.internal.execution.steps.HandleStaleOutputsStep.execute(HandleStaleOutputsStep.java:41)
	at org.gradle.internal.execution.steps.AssignMutableWorkspaceStep.lambda$execute$0(AssignMutableWorkspaceStep.java:35)
	at org.gradle.api.internal.tasks.execution.TaskExecution$4.withWorkspace(TaskExecution.java:289)
	at org.gradle.internal.execution.steps.AssignMutableWorkspaceStep.execute(AssignMutableWorkspaceStep.java:31)
	at org.gradle.internal.execution.steps.AssignMutableWorkspaceStep.execute(AssignMutableWorkspaceStep.java:22)
	at org.gradle.internal.execution.steps.ChoosePipelineStep.execute(ChoosePipelineStep.java:40)
	at org.gradle.internal.execution.steps.ChoosePipelineStep.execute(ChoosePipelineStep.java:23)
	at org.gradle.internal.execution.steps.ExecuteWorkBuildOperationFiringStep.lambda$execute$2(ExecuteWorkBuildOperationFiringStep.java:67)
	at org.gradle.internal.execution.steps.ExecuteWorkBuildOperationFiringStep.execute(ExecuteWorkBuildOperationFiringStep.java:67)
	at org.gradle.internal.execution.steps.ExecuteWorkBuildOperationFiringStep.execute(ExecuteWorkBuildOperationFiringStep.java:39)
	at org.gradle.internal.execution.steps.IdentityCacheStep.execute(IdentityCacheStep.java:46)
	at org.gradle.internal.execution.steps.IdentityCacheStep.execute(IdentityCacheStep.java:34)
	at org.gradle.internal.execution.steps.IdentifyStep.execute(IdentifyStep.java:48)
	at org.gradle.internal.execution.steps.IdentifyStep.execute(IdentifyStep.java:35)
	at org.gradle.internal.execution.impl.DefaultExecutionEngine$1.execute(DefaultExecutionEngine.java:64)
	at org.gradle.api.internal.tasks.execution.ExecuteActionsTaskExecuter.executeIfValid(ExecuteActionsTaskExecuter.java:127)
	at org.gradle.api.internal.tasks.execution.ExecuteActionsTaskExecuter.execute(ExecuteActionsTaskExecuter.java:116)
	at org.gradle.api.internal.tasks.execution.ProblemsTaskPathTrackingTaskExecuter.execute(ProblemsTaskPathTrackingTaskExecuter.java:41)
	at org.gradle.api.internal.tasks.execution.FinalizePropertiesTaskExecuter.execute(FinalizePropertiesTaskExecuter.java:46)
	at org.gradle.api.internal.tasks.execution.ResolveTaskExecutionModeExecuter.execute(ResolveTaskExecutionModeExecuter.java:51)
	at org.gradle.api.internal.tasks.execution.SkipTaskWithNoActionsExecuter.execute(SkipTaskWithNoActionsExecuter.java:57)
	at org.gradle.api.internal.tasks.execution.SkipOnlyIfTaskExecuter.execute(SkipOnlyIfTaskExecuter.java:74)
	at org.gradle.api.internal.tasks.execution.CatchExceptionTaskExecuter.execute(CatchExceptionTaskExecuter.java:36)
	at org.gradle.api.internal.tasks.execution.EventFiringTaskExecuter$1.executeTask(EventFiringTaskExecuter.java:77)
	at org.gradle.api.internal.tasks.execution.EventFiringTaskExecuter$1.call(EventFiringTaskExecuter.java:55)
	at org.gradle.api.internal.tasks.execution.EventFiringTaskExecuter$1.call(EventFiringTaskExecuter.java:52)
	at org.gradle.internal.operations.DefaultBuildOperationRunner$CallableBuildOperationWorker.execute(DefaultBuildOperationRunner.java:210)
	at org.gradle.internal.operations.DefaultBuildOperationRunner$CallableBuildOperationWorker.execute(DefaultBuildOperationRunner.java:205)
	at org.gradle.internal.operations.DefaultBuildOperationRunner$2.execute(DefaultBuildOperationRunner.java:67)
	at org.gradle.internal.operations.DefaultBuildOperationRunner$2.execute(DefaultBuildOperationRunner.java:60)
	at org.gradle.internal.operations.DefaultBuildOperationRunner.execute(DefaultBuildOperationRunner.java:167)
	at org.gradle.internal.operations.DefaultBuildOperationRunner.execute(DefaultBuildOperationRunner.java:60)
	at org.gradle.internal.operations.DefaultBuildOperationRunner.call(DefaultBuildOperationRunner.java:54)
	at org.gradle.api.internal.tasks.execution.EventFiringTaskExecuter.execute(EventFiringTaskExecuter.java:52)
	at org.gradle.execution.plan.LocalTaskNodeExecutor.execute(LocalTaskNodeExecutor.java:42)
	at org.gradle.execution.taskgraph.DefaultTaskExecutionGraph$InvokeNodeExecutorsAction.execute(DefaultTaskExecutionGraph.java:331)
	at org.gradle.execution.taskgraph.DefaultTaskExecutionGraph$InvokeNodeExecutorsAction.execute(DefaultTaskExecutionGraph.java:318)
	at org.gradle.execution.taskgraph.DefaultTaskExecutionGraph$BuildOperationAwareExecutionAction.lambda$execute$0(DefaultTaskExecutionGraph.java:314)
	at org.gradle.internal.operations.CurrentBuildOperationRef.with(CurrentBuildOperationRef.java:85)
	at org.gradle.execution.taskgraph.DefaultTaskExecutionGraph$BuildOperationAwareExecutionAction.execute(DefaultTaskExecutionGraph.java:314)
	at org.gradle.execution.taskgraph.DefaultTaskExecutionGraph$BuildOperationAwareExecutionAction.execute(DefaultTaskExecutionGraph.java:303)
	at org.gradle.execution.plan.DefaultPlanExecutor$ExecutorWorker.execute(DefaultPlanExecutor.java:459)
	at org.gradle.execution.plan.DefaultPlanExecutor$ExecutorWorker.run(DefaultPlanExecutor.java:376)
	at org.gradle.internal.concurrent.ExecutorPolicy$CatchAndRecordFailures.onExecute(ExecutorPolicy.java:64)
	at org.gradle.internal.concurrent.AbstractManagedExecutor$1.run(AbstractManagedExecutor.java:48)
Caused by: org.jetbrains.kotlin.gradle.tasks.CompilationErrorException: Compilation error. See log for more details
	at org.jetbrains.kotlin.gradle.tasks.TasksUtilsKt.throwExceptionIfCompilationFailed(tasksUtils.kt:21)
	at org.jetbrains.kotlin.compilerRunner.GradleKotlinCompilerWork.run(GradleKotlinCompilerWork.kt:119)
	at org.jetbrains.kotlin.compilerRunner.GradleCompilerRunnerWithWorkers$GradleKotlinCompilerWorkAction.execute(GradleCompilerRunnerWithWorkers.kt:76)
	at org.gradle.workers.internal.DefaultWorkerServer.execute(DefaultWorkerServer.java:63)
	at org.gradle.workers.internal.NoIsolationWorkerFactory$1$1.create(NoIsolationWorkerFactory.java:66)
	at org.gradle.workers.internal.NoIsolationWorkerFactory$1$1.create(NoIsolationWorkerFactory.java:62)
	at org.gradle.internal.classloader.ClassLoaderUtils.executeInClassloader(ClassLoaderUtils.java:100)
	at org.gradle.workers.internal.NoIsolationWorkerFactory$1.lambda$execute$0(NoIsolationWorkerFactory.java:62)
	at org.gradle.workers.internal.AbstractWorker$1.call(AbstractWorker.java:44)
	at org.gradle.workers.internal.AbstractWorker$1.call(AbstractWorker.java:41)
	at org.gradle.internal.operations.DefaultBuildOperationRunner$CallableBuildOperationWorker.execute(DefaultBuildOperationRunner.java:210)
	at org.gradle.internal.operations.DefaultBuildOperationRunner$CallableBuildOperationWorker.execute(DefaultBuildOperationRunner.java:205)
	at org.gradle.internal.operations.DefaultBuildOperationRunner$2.execute(DefaultBuildOperationRunner.java:67)
	at org.gradle.internal.operations.DefaultBuildOperationRunner$2.execute(DefaultBuildOperationRunner.java:60)
	at org.gradle.internal.operations.DefaultBuildOperationRunner.execute(DefaultBuildOperationRunner.java:167)
	at org.gradle.internal.operations.DefaultBuildOperationRunner.execute(DefaultBuildOperationRunner.java:60)
	at org.gradle.internal.operations.DefaultBuildOperationRunner.call(DefaultBuildOperationRunner.java:54)
	at org.gradle.workers.internal.AbstractWorker.executeWrappedInBuildOperation(AbstractWorker.java:41)
	at org.gradle.workers.internal.NoIsolationWorkerFactory$1.execute(NoIsolationWorkerFactory.java:59)
	at org.gradle.workers.internal.DefaultWorkerExecutor.lambda$submitWork$0(DefaultWorkerExecutor.java:174)
	at org.gradle.internal.work.DefaultConditionalExecutionQueue$ExecutionRunner.runExecution(DefaultConditionalExecutionQueue.java:194)
	at org.gradle.internal.work.DefaultConditionalExecutionQueue$ExecutionRunner.access$700(DefaultConditionalExecutionQueue.java:127)
	at org.gradle.internal.work.DefaultConditionalExecutionQueue$ExecutionRunner$1.run(DefaultConditionalExecutionQueue.java:169)
	at org.gradle.internal.Factories$1.create(Factories.java:31)
	at org.gradle.internal.work.DefaultWorkerLeaseService.withLocks(DefaultWorkerLeaseService.java:263)
	at org.gradle.internal.work.DefaultWorkerLeaseService.runAsWorkerThread(DefaultWorkerLeaseService.java:127)
	at org.gradle.internal.work.DefaultWorkerLeaseService.runAsWorkerThread(DefaultWorkerLeaseService.java:132)
	at org.gradle.internal.work.DefaultConditionalExecutionQueue$ExecutionRunner.runBatch(DefaultConditionalExecutionQueue.java:164)
	at org.gradle.internal.work.DefaultConditionalExecutionQueue$ExecutionRunner.run(DefaultConditionalExecutionQueue.java:133)
	... 2 more


Deprecated Gradle features were used in this build, making it incompatible with Gradle 9.0.

You can use '--warning-mode all' to show the individual deprecation warnings and determine if they come from your own scripts or plugins.

For more on this, please refer to https://docs.gradle.org/8.14.3/userguide/command_line_interface.html#sec:command_line_warnings in the Gradle documentation.

BUILD FAILED in 1m 18s
100 actionable tasks: 96 executed, 4 up-to-date
